Build started 26.01.2022 21:26:04.
     1>Project "D:\Dev_content\Swelter_code\SourceSDK2013-Swelter\raytrace\raytrace.vcxproj" on node 2 (Build target(s)).
     1>PreBuildEvent:
         if EXIST ..\lib\public\.\raytrace.lib ( for /f "delims=" %%A in ('attrib "..\lib\public\.\raytrace.lib"') do set valveTmpIsReadOnly="%%A"
         ) else ( if not EXIST ..\lib\public\. mkdir ..\lib\public\. )
         set valveTmpIsReadOnlyLetter=%valveTmpIsReadOnly:~6,1%
         if "%valveTmpIsReadOnlyLetter%"=="R" (
             attrib -r ..\lib\public\.\raytrace.lib
             ..\devtools\bin\gnu\touch.exe -d "1999-01-01" ..\lib\public\.\raytrace.lib
             attrib +r ..\lib\public\.\raytrace.lib
         )
         if exist "..\devtools\bin\vpc.exe" "..\devtools\bin\vpc.exe" -crc2 "raytrace.vcxproj"
         if ERRORLEVEL 1 exit /b 1
         
         :VCEnd
       CustomBuild:
         Running VPC CRC Check - raytrace.vpc
       ClCompile:
         C:\Program Files (x86)\Microsoft Visual Studio 12.0\VC\bin\CL.exe /c /I..\common /I..\public /I..\public\tier0 /I..\public\tier1 /I..\utils\common /Z7 /nologo /W4 /WX /MP /O2 /Ob2 /Oi /Ot /Oy- /D VPC /D RAD_TELEMETRY_DISABLED /D WIN32 /D _WIN32 /D NDEBUG /D _LIB /D _CRT_SECURE_NO_DEPRECATE /D _CRT_NONSTDC_NO_DEPRECATE /D _ALLOW_RUNTIME_LIBRARY_MISMATCH /D _ALLOW_ITERATOR_DEBUG_LEVEL_MISMATCH /D _ALLOW_MSC_VER_MISMATCH /D _USING_V110_SDK71_ /D _MBCS /D COMPILER_MSVC32 /D COMPILER_MSVC32 /D COMPILER_MSVC /D _DLL_EXT=.dll /D LIBNAME=raytrace /D BINK_VIDEO /D AVI_VIDEO /D WMV_VIDEO /D DEV_BUILD /D FRAME_POINTER_OMISSION_DISABLED /D _EXTERNAL_DLL_EXT=.dll /D VPCGAMECAPS=VALVE /D "PROJECTDIR=D:\Dev_content\Swelter_code\SourceSDK2013-Swelter\raytrace" /D _DLL_EXT=.dll /D VPCGAME=valve /D SOURCE1=1 /GF /Gm- /MT /GS /Gy /arch:SSE /fp:fast /Zc:wchar_t /Zc:forScope /GR /openmp- /Fo".\Release\.\/" /Fd".\Release\.\/vc120.pdb" /Gd /TP /wd4316 /analyze- /FC /errorReport:prompt /d2Zi+ /Gw raytrace.cpp trace2.cpp trace3.cpp
         raytrace.cpp
         trace2.cpp
         trace3.cpp
       Lib:
         C:\Program Files (x86)\Microsoft Visual Studio 12.0\VC\bin\Lib.exe /OUT:"..\lib\public\.\raytrace.lib" /NOLOGO  /ignore:4221 .\Release\.\/raytrace.obj
         .\Release\.\/trace2.obj
         .\Release\.\/trace3.obj
         raytrace.vcxproj -> D:\Dev_content\Swelter_code\SourceSDK2013-Swelter\raytrace\..\lib\public\.\raytrace.lib
     1>Done Building Project "D:\Dev_content\Swelter_code\SourceSDK2013-Swelter\raytrace\raytrace.vcxproj" (Build target(s)).

Build succeeded.

Time Elapsed 00:00:07.10
