c:\ultimate ssdk v3\testmod\src\raytrace\debug\raytrace.obj
c:\ultimate ssdk v3\testmod\src\raytrace\debug\trace3.obj
c:\ultimate ssdk v3\testmod\src\raytrace\debug\trace2.obj
c:\ultimate ssdk v3\testmod\src\raytrace\debug\vc120.pdb
c:\ultimate ssdk v3\testmod\src\raytrace\raytrace.vpc.sentinel
c:\ultimate ssdk v3\testmod\src\lib\public\raytrace.lib
c:\ultimate ssdk v3\src\raytrace\debug\raytrace.obj
c:\ultimate ssdk v3\src\raytrace\debug\trace2.obj
c:\ultimate ssdk v3\src\raytrace\debug\trace3.obj
c:\ultimate ssdk v3\src\raytrace\debug\vc120.idb
c:\ultimate ssdk v3\src\raytrace\debug\vc120.pdb
c:\ultimate ssdk v3\src\raytrace\..\lib\public\.\raytrace.lib
c:\ultimate ssdk v3\src\raytrace\debug\raytrace.tlog\cl.command.1.tlog
c:\ultimate ssdk v3\src\raytrace\debug\raytrace.tlog\cl.read.1.tlog
c:\ultimate ssdk v3\src\raytrace\debug\raytrace.tlog\cl.write.1.tlog
c:\ultimate ssdk v3\src\raytrace\debug\raytrace.tlog\custombuild.command.1.tlog
c:\ultimate ssdk v3\src\raytrace\debug\raytrace.tlog\custombuild.read.1.tlog
c:\ultimate ssdk v3\src\raytrace\debug\raytrace.tlog\custombuild.write.1.tlog
c:\ultimate ssdk v3\src\raytrace\debug\raytrace.tlog\lib-link.read.1.tlog
c:\ultimate ssdk v3\src\raytrace\debug\raytrace.tlog\lib-link.write.1.tlog
c:\ultimate ssdk v3\src\raytrace\debug\raytrace.tlog\lib.command.1.tlog
