c:\ultimate ssdk v3\testmod\project_heat_src\mathlib\debug\vc120.pdb
c:\ultimate ssdk v3\testmod\src\mathlib\mathlib.vpc.sentinel
c:\ultimate ssdk v3\testmod\project_heat_src\lib\public\mathlib.lib
c:\ultimate ssdk v3\testmod\project_heat_src\mathlib\debug\3dnow.obj
c:\ultimate ssdk v3\testmod\project_heat_src\mathlib\debug\almostequal.obj
c:\ultimate ssdk v3\testmod\project_heat_src\mathlib\debug\anorms.obj
c:\ultimate ssdk v3\testmod\project_heat_src\mathlib\debug\bumpvects.obj
c:\ultimate ssdk v3\testmod\project_heat_src\mathlib\debug\color_conversion.obj
c:\ultimate ssdk v3\testmod\project_heat_src\mathlib\debug\halton.obj
c:\ultimate ssdk v3\testmod\project_heat_src\mathlib\debug\icekey.obj
c:\ultimate ssdk v3\testmod\project_heat_src\mathlib\debug\imagequant.obj
c:\ultimate ssdk v3\testmod\project_heat_src\mathlib\debug\lightdesc.obj
c:\ultimate ssdk v3\testmod\project_heat_src\mathlib\debug\mathlib_base.obj
c:\ultimate ssdk v3\testmod\project_heat_src\mathlib\debug\polyhedron.obj
c:\ultimate ssdk v3\testmod\project_heat_src\mathlib\debug\powsse.obj
c:\ultimate ssdk v3\testmod\project_heat_src\mathlib\debug\quantize.obj
c:\ultimate ssdk v3\testmod\project_heat_src\mathlib\debug\randsse.obj
c:\ultimate ssdk v3\testmod\project_heat_src\mathlib\debug\simdvectormatrix.obj
c:\ultimate ssdk v3\testmod\project_heat_src\mathlib\debug\sparse_convolution_noise.obj
c:\ultimate ssdk v3\testmod\project_heat_src\mathlib\debug\spherical.obj
c:\ultimate ssdk v3\testmod\project_heat_src\mathlib\debug\sse.obj
c:\ultimate ssdk v3\testmod\project_heat_src\mathlib\debug\sseconst.obj
c:\ultimate ssdk v3\testmod\project_heat_src\mathlib\debug\ssenoise.obj
c:\ultimate ssdk v3\testmod\project_heat_src\mathlib\debug\vector.obj
c:\ultimate ssdk v3\testmod\project_heat_src\mathlib\debug\vmatrix.obj
c:\ultimate ssdk v3\testmod\project_heat_src\mathlib\debug\vc120.idb
c:\ultimate ssdk v3\testmod\project_heat_src\mathlib\..\lib\public\.\mathlib.lib
c:\ultimate ssdk v3\testmod\project_heat_src\mathlib\debug\mathlib.tlog\cl.command.1.tlog
c:\ultimate ssdk v3\testmod\project_heat_src\mathlib\debug\mathlib.tlog\cl.read.1.tlog
c:\ultimate ssdk v3\testmod\project_heat_src\mathlib\debug\mathlib.tlog\cl.write.1.tlog
c:\ultimate ssdk v3\testmod\project_heat_src\mathlib\debug\mathlib.tlog\custombuild.command.1.tlog
c:\ultimate ssdk v3\testmod\project_heat_src\mathlib\debug\mathlib.tlog\custombuild.read.1.tlog
c:\ultimate ssdk v3\testmod\project_heat_src\mathlib\debug\mathlib.tlog\custombuild.write.1.tlog
c:\ultimate ssdk v3\testmod\project_heat_src\mathlib\debug\mathlib.tlog\lib-link.read.1.tlog
c:\ultimate ssdk v3\testmod\project_heat_src\mathlib\debug\mathlib.tlog\lib-link.write.1.tlog
c:\ultimate ssdk v3\testmod\project_heat_src\mathlib\debug\mathlib.tlog\lib.command.1.tlog
