Build started 24.07.2019 11:08:22.
     1>Project "C:\Ultimate SSDK v3\testmod\src\utils\vtf2tga\vtf2tga.vcxproj" on node 4 (Build target(s)).
     1>PreBuildEvent:
         if EXIST ..\..\..\game\bin\.\vtf2tga.exe for /f "delims=" %%A in ('attrib "..\..\..\game\bin\.\vtf2tga.exe"') do set valveTmpIsReadOnly="%%A"
         set valveTmpIsReadOnlyLetter=%valveTmpIsReadOnly:~6,1%
         if "%valveTmpIsReadOnlyLetter%"=="R" del /q "C:\Ultimate SSDK v3\testmod\src\utils\vtf2tga\Debug\"vtf2tga.exe
         if exist "..\..\devtools\bin\vpc.exe" "..\..\devtools\bin\vpc.exe" -crc2 "vtf2tga.vcxproj"
         if ERRORLEVEL 1 exit /b 1
         
         :VCEnd
       CustomBuild:
         Compiling pointeroverride.asm
         Microsoft (R) Macro Assembler Version 12.00.30501.0
         Copyright (C) Microsoft Corporation.  All rights reserved.
         
          Assembling: C:\Ultimate SSDK v3\testmod\src\public\tier0\pointeroverride.asm
         Running VPC CRC Check - vtf2tga.vpc
         Отказано в доступе.
       ClCompile:
         C:\Program Files (x86)\Microsoft Visual Studio 12.0\VC\bin\CL.exe /c /I..\..\common /I..\..\public /I..\..\public\tier0 /I..\..\public\tier1 /ZI /nologo /W4 /WX /MP /Od /Oy- /D VPC /D RAD_TELEMETRY_DISABLED /D _HAS_ITERATOR_DEBUGGING=0 /D WIN32 /D _WIN32 /D _DEBUG /D DEBUG /D _WINDOWS /D _CRT_SECURE_NO_DEPRECATE /D _CRT_NONSTDC_NO_DEPRECATE /D _ALLOW_RUNTIME_LIBRARY_MISMATCH /D _ALLOW_ITERATOR_DEBUG_LEVEL_MISMATCH /D _ALLOW_MSC_VER_MISMATCH /D _USING_V110_SDK71_ /D _MBCS /D COMPILER_MSVC32 /D COMPILER_MSVC32 /D COMPILER_MSVC /D EXENAME=vtf2tga /D _DLL_EXT=.dll /D DEV_BUILD /D FRAME_POINTER_OMISSION_DISABLED /D _EXTERNAL_DLL_EXT=.dll /D VPCGAMECAPS=VALVE /D "PROJECTDIR=C:\Ultimate SSDK v3\testmod\src\utils\vtf2tga" /D _DLL_EXT=.dll /D SOURCE1=1 /D VPCGAME=valve /GF /Gm- /MTd /GS /arch:SSE /fp:fast /Zc:wchar_t /Zc:forScope /GR /openmp- /Fo".\Debug\.\/" /Fd".\Debug\.\/vc120.pdb" /Gd /TP /wd4316 /analyze- /FC /errorReport:prompt  /Gw ..\..\public\tier0\memoverride.cpp vtf2tga.cpp
         memoverride.cpp
         vtf2tga.cpp
       Link:
         C:\Program Files (x86)\Microsoft Visual Studio 12.0\VC\bin\link.exe /ERRORREPORT:PROMPT /OUT:".\Debug\.\\vtf2tga.exe" /INCREMENTAL /NOLOGO shell32.lib user32.lib advapi32.lib gdi32.lib comdlg32.lib ole32.lib /NODEFAULTLIB:libc /NODEFAULTLIB:libcd /NODEFAULTLIB:libcmt /MANIFEST /MANIFESTUAC:"level='asInvoker' uiAccess='false'" /manifest:embed /DEBUG /PDB:".\Debug\.\/vtf2tga.pdb" /SUBSYSTEM:CONSOLE,"5.01" /TLBID:1 /DYNAMICBASE:NO /NXCOMPAT /IMPLIB:".\Debug\.\vtf2tga.lib" /MACHINE:X86 /SAFESEH:NO /NXCOMPAT /ignore:4221 .\Debug\.\\pointeroverride.obj
         .\Debug\.\/memoverride.obj
         .\Debug\.\/vtf2tga.obj
         ..\..\lib\public\bitmap.lib
         ..\..\lib\public\mathlib.lib
         ..\..\lib\public\tier0.lib
         ..\..\lib\public\tier1.lib
         ..\..\lib\public\tier2.lib
         ..\..\lib\public\vstdlib.lib
         ..\..\lib\public\vtf.lib
            Creating library .\Debug\.\vtf2tga.lib and object .\Debug\.\vtf2tga.exp
         vtf2tga.vcxproj -> C:\Ultimate SSDK v3\testmod\src\utils\vtf2tga\.\Debug\.\vtf2tga.exe
       PostBuildEvent:
         copy "C:\Ultimate SSDK v3\testmod\src\utils\vtf2tga\Debug\"vtf2tga.exe ..\..\..\game\bin\.\vtf2tga.exe >nul
         if ERRORLEVEL 1 goto BuildEventFailed
         if exist "C:\Ultimate SSDK v3\testmod\src\utils\vtf2tga\Debug\"vtf2tga.map copy "C:\Ultimate SSDK v3\testmod\src\utils\vtf2tga\Debug\"vtf2tga.map ..\..\..\game\bin\.\vtf2tga.map >nul
         copy "C:\Ultimate SSDK v3\testmod\src\utils\vtf2tga\Debug\"vtf2tga.pdb ..\..\..\game\bin\.\vtf2tga.pdb >nul
         if ERRORLEVEL 1 goto BuildEventFailed
         goto BuildEventOK
         :BuildEventFailed
         echo *** ERROR! PostBuildStep FAILED for Vtf2tga! EXE or DLL is probably running. ***
         del /q "C:\Ultimate SSDK v3\testmod\src\utils\vtf2tga\Debug\"vtf2tga.exe
         exit 1
         :BuildEventOK
         
         :VCEnd
     1>Done Building Project "C:\Ultimate SSDK v3\testmod\src\utils\vtf2tga\vtf2tga.vcxproj" (Build target(s)).

Build succeeded.

Time Elapsed 00:00:46.14
