Build started 09.05.2021 18:48:01.
     1>Project "C:\Ultimate SSDK v3\testmod\project_heat_src\game\client\client_episodic.vcxproj" on node 2 (Build target(s)).
     1>PreBuildEvent:
         if EXIST ..\..\..\game\mod_episodic\bin\.\client.dll for /f "delims=" %%A in ('attrib "..\..\..\game\mod_episodic\bin\.\client.dll"') do set valveTmpIsReadOnly="%%A"
         :VCEnd
       CustomBuild:
         Running VPC CRC Check - client_episodic.vpc
       Link:
         client_episodic.vcxproj -> C:\Ultimate SSDK v3\testmod\project_heat_src\game\client\.\Debug_mod_episodic\client.dll
       PostBuildEvent:
         if not exist "..\..\..\game\mod_episodic\bin\." mkdir "..\..\..\game\mod_episodic\bin\."
         copy "C:\Ultimate SSDK v3\testmod\project_heat_src\game\client\Debug_mod_episodic\client.dll" "..\..\..\game\mod_episodic\bin\.\client.dll"
         if ERRORLEVEL 1 goto BuildEventFailed
         if exist "C:\Ultimate SSDK v3\testmod\project_heat_src\game\client\Debug_mod_episodic\client.map" copy "C:\Ultimate SSDK v3\testmod\project_heat_src\game\client\Debug_mod_episodic\client.map" ..\..\..\game\mod_episodic\bin\.\client.map
         copy "C:\Ultimate SSDK v3\testmod\project_heat_src\game\client\Debug_mod_episodic\client.pdb" ..\..\..\game\mod_episodic\bin\.\client.pdb
         if ERRORLEVEL 1 goto BuildEventFailed
         goto BuildEventOK
         :BuildEventFailed
         echo *** ERROR! PostBuildStep FAILED for Client (Episodic)! EXE or DLL is probably running. ***
         del /q "C:\Ultimate SSDK v3\testmod\project_heat_src\game\client\Debug_mod_episodic\client.dll"
         exit 1
         :BuildEventOK
         
         :VCEnd
         Скопировано файлов:         1.
         Скопировано файлов:         1.
     1>Done Building Project "C:\Ultimate SSDK v3\testmod\project_heat_src\game\client\client_episodic.vcxproj" (Build target(s)).

Build succeeded.

Time Elapsed 00:00:00.83
