Сборка начата 03.07.2017 17:35:13.
     1>Проект "C:\Ultimate SSDK v3\testmod\src\materialsystem\stdshaders\game_shader_dx9_episodic.vcxproj" в узле 4 (целевые объекты Build).
     1>PreBuildEvent:
         if EXIST ..\..\..\game\mod_episodic\bin\.\game_shader_dx9.dll for /f "delims=" %%A in ('attrib "..\..\..\game\mod_episodic\bin\.\game_shader_dx9.dll"') do set valveTmpIsReadOnly="%%A"
         set valveTmpIsReadOnlyLetter=%valveTmpIsReadOnly:~6,1%
         if "%valveTmpIsReadOnlyLetter%"=="R" del /q "C:\Ultimate SSDK v3\testmod\src\materialsystem\stdshaders\Release_dx9_mod_episodic\"game_shader_dx9.dll
         if exist "..\..\devtools\bin\vpc.exe" "..\..\devtools\bin\vpc.exe" -crc2 "game_shader_dx9_episodic.vcxproj"
         if ERRORLEVEL 1 exit /b 1
         
         :VCEnd
       CustomBuild:
         Running VPC CRC Check - game_shader_dx9_episodic.vpc
       Link:
         game_shader_dx9_episodic.vcxproj -> C:\Ultimate SSDK v3\testmod\src\materialsystem\stdshaders\Release_dx9_mod_episodic\game_shader_dx9.dll
       PostBuildEvent:
         if not exist "..\..\..\game\mod_episodic\bin\." mkdir "..\..\..\game\mod_episodic\bin\."
         copy "C:\Ultimate SSDK v3\testmod\src\materialsystem\stdshaders\Release_dx9_mod_episodic\game_shader_dx9.dll" "..\..\..\game\mod_episodic\bin\.\game_shader_dx9.dll"
         if ERRORLEVEL 1 goto BuildEventFailed
         if exist "C:\Ultimate SSDK v3\testmod\src\materialsystem\stdshaders\Release_dx9_mod_episodic\game_shader_dx9.map" copy "C:\Ultimate SSDK v3\testmod\src\materialsystem\stdshaders\Release_dx9_mod_episodic\game_shader_dx9.map" ..\..\..\game\mod_episodic\bin\.\game_shader_dx9.map
         copy "C:\Ultimate SSDK v3\testmod\src\materialsystem\stdshaders\Release_dx9_mod_episodic\game_shader_dx9.pdb" ..\..\..\game\mod_episodic\bin\.\game_shader_dx9.pdb
         if ERRORLEVEL 1 goto BuildEventFailed
         goto BuildEventOK
         :BuildEventFailed
         echo *** ERROR! PostBuildStep FAILED for Shaders (Episodic)! EXE or DLL is probably running. ***
         del /q "C:\Ultimate SSDK v3\testmod\src\materialsystem\stdshaders\Release_dx9_mod_episodic\game_shader_dx9.dll"
         exit 1
         :BuildEventOK
         
         :VCEnd
         Скопировано файлов:         1.
         Скопировано файлов:         1.
     1>Сборка проекта "C:\Ultimate SSDK v3\testmod\src\materialsystem\stdshaders\game_shader_dx9_episodic.vcxproj" завершена (целевые объекты Build).

Сборка успешно завершена.

Затраченное время: 00:00:16.41
