Build started 24.07.2019 11:07:50.
     1>Project "C:\Ultimate SSDK v3\testmod\src\utils\vrad_launcher\vrad_launcher.vcxproj" on node 4 (Build target(s)).
     1>PreBuildEvent:
         if EXIST ..\..\..\game\bin\.\vrad.exe for /f "delims=" %%A in ('attrib "..\..\..\game\bin\.\vrad.exe"') do set valveTmpIsReadOnly="%%A"
         set valveTmpIsReadOnlyLetter=%valveTmpIsReadOnly:~6,1%
         if "%valveTmpIsReadOnlyLetter%"=="R" del /q "C:\Ultimate SSDK v3\testmod\src\utils\vrad_launcher\Debug\"vrad.exe
         if exist "..\..\devtools\bin\vpc.exe" "..\..\devtools\bin\vpc.exe" -crc2 "vrad_launcher.vcxproj"
         if ERRORLEVEL 1 exit /b 1
         
         :VCEnd
       CustomBuild:
         Compiling pointeroverride.asm
         Microsoft (R) Macro Assembler Version 12.00.30501.0
         Copyright (C) Microsoft Corporation.  All rights reserved.
         
          Assembling: C:\Ultimate SSDK v3\testmod\src\public\tier0\pointeroverride.asm
         Running VPC CRC Check - vrad_launcher.vpc
         Отказано в доступе.
       ClCompile:
         C:\Program Files (x86)\Microsoft Visual Studio 12.0\VC\bin\CL.exe /c /I..\..\common /I..\..\public /I..\..\public\tier0 /I..\..\public\tier1 /ZI /nologo /W4 /WX /MP /Od /Oy- /D VPC /D RAD_TELEMETRY_DISABLED /D _HAS_ITERATOR_DEBUGGING=0 /D WIN32 /D _WIN32 /D _DEBUG /D DEBUG /D _WINDOWS /D _CRT_SECURE_NO_DEPRECATE /D _CRT_NONSTDC_NO_DEPRECATE /D _ALLOW_RUNTIME_LIBRARY_MISMATCH /D _ALLOW_ITERATOR_DEBUG_LEVEL_MISMATCH /D _ALLOW_MSC_VER_MISMATCH /D _USING_V110_SDK71_ /D _MBCS /D COMPILER_MSVC32 /D COMPILER_MSVC32 /D COMPILER_MSVC /D EXENAME=vrad /D _DLL_EXT=.dll /D DEV_BUILD /D FRAME_POINTER_OMISSION_DISABLED /D _EXTERNAL_DLL_EXT=.dll /D VPCGAMECAPS=VALVE /D "PROJECTDIR=C:\Ultimate SSDK v3\testmod\src\utils\vrad_launcher" /D _DLL_EXT=.dll /D SOURCE1=1 /D VPCGAME=valve /GF /Gm- /MTd /GS /arch:SSE /fp:fast /Zc:wchar_t /Zc:forScope /GR /openmp- /Yc"stdafx.h" /Fp"Debug/vrad_launcher.pch" /Fo".\Debug\.\/" /Fd".\Debug\.\/vc120.pdb" /Gd /TP /wd4316 /analyze- /FC /errorReport:prompt  /Gw StdAfx.cpp
         StdAfx.cpp
         C:\Program Files (x86)\Microsoft Visual Studio 12.0\VC\bin\CL.exe /c /I..\..\common /I..\..\public /I..\..\public\tier0 /I..\..\public\tier1 /ZI /nologo /W4 /WX /MP /Od /Oy- /D VPC /D RAD_TELEMETRY_DISABLED /D _HAS_ITERATOR_DEBUGGING=0 /D WIN32 /D _WIN32 /D _DEBUG /D DEBUG /D _WINDOWS /D _CRT_SECURE_NO_DEPRECATE /D _CRT_NONSTDC_NO_DEPRECATE /D _ALLOW_RUNTIME_LIBRARY_MISMATCH /D _ALLOW_ITERATOR_DEBUG_LEVEL_MISMATCH /D _ALLOW_MSC_VER_MISMATCH /D _USING_V110_SDK71_ /D _MBCS /D COMPILER_MSVC32 /D COMPILER_MSVC32 /D COMPILER_MSVC /D EXENAME=vrad /D _DLL_EXT=.dll /D DEV_BUILD /D FRAME_POINTER_OMISSION_DISABLED /D _EXTERNAL_DLL_EXT=.dll /D VPCGAMECAPS=VALVE /D "PROJECTDIR=C:\Ultimate SSDK v3\testmod\src\utils\vrad_launcher" /D _DLL_EXT=.dll /D SOURCE1=1 /D VPCGAME=valve /GF /Gm- /MTd /GS /arch:SSE /fp:fast /Zc:wchar_t /Zc:forScope /GR /openmp- /Yu"stdafx.h" /Fp"Debug/vrad_launcher.pch" /Fo".\Debug\.\/" /Fd".\Debug\.\/vc120.pdb" /Gd /TP /wd4316 /analyze- /FC /errorReport:prompt  /Gw vrad_launcher.cpp
         vrad_launcher.cpp
       Link:
         C:\Program Files (x86)\Microsoft Visual Studio 12.0\VC\bin\link.exe /ERRORREPORT:PROMPT /OUT:".\Debug\.\\vrad.exe" /INCREMENTAL /NOLOGO shell32.lib user32.lib advapi32.lib gdi32.lib comdlg32.lib ole32.lib /NODEFAULTLIB:libc /NODEFAULTLIB:libcd /NODEFAULTLIB:libcmt /MANIFEST /MANIFESTUAC:"level='asInvoker' uiAccess='false'" /manifest:embed /DEBUG /PDB:".\Debug\.\/vrad.pdb" /SUBSYSTEM:CONSOLE,"5.01" /TLBID:1 /DYNAMICBASE:NO /NXCOMPAT /IMPLIB:".\Debug\.\vrad.lib" /MACHINE:X86 /SAFESEH:NO /NXCOMPAT /ignore:4221 .\Debug\.\\pointeroverride.obj
         .\Debug\.\/StdAfx.obj
         .\Debug\.\/vrad_launcher.obj
         ..\..\lib\public\tier0.lib
         ..\..\lib\public\tier1.lib
         ..\..\lib\public\vstdlib.lib
            Creating library .\Debug\.\vrad.lib and object .\Debug\.\vrad.exp
         vrad_launcher.vcxproj -> C:\Ultimate SSDK v3\testmod\src\utils\vrad_launcher\.\Debug\.\vrad.exe
       PostBuildEvent:
         copy "C:\Ultimate SSDK v3\testmod\src\utils\vrad_launcher\Debug\"vrad.exe ..\..\..\game\bin\.\vrad.exe >nul
         if ERRORLEVEL 1 goto BuildEventFailed
         if exist "C:\Ultimate SSDK v3\testmod\src\utils\vrad_launcher\Debug\"vrad.map copy "C:\Ultimate SSDK v3\testmod\src\utils\vrad_launcher\Debug\"vrad.map ..\..\..\game\bin\.\vrad.map >nul
         copy "C:\Ultimate SSDK v3\testmod\src\utils\vrad_launcher\Debug\"vrad.pdb ..\..\..\game\bin\.\vrad.pdb >nul
         if ERRORLEVEL 1 goto BuildEventFailed
         goto BuildEventOK
         :BuildEventFailed
         echo *** ERROR! PostBuildStep FAILED for Vrad_launcher! EXE or DLL is probably running. ***
         del /q "C:\Ultimate SSDK v3\testmod\src\utils\vrad_launcher\Debug\"vrad.exe
         exit 1
         :BuildEventOK
         
         :VCEnd
     1>Done Building Project "C:\Ultimate SSDK v3\testmod\src\utils\vrad_launcher\vrad_launcher.vcxproj" (Build target(s)).

Build succeeded.

Time Elapsed 00:00:30.58
