Build started 25.01.2022 13:59:46.
     1>Project "C:\Ultimate SSDK v3\testmod\project_heat_src\mathlib\mathlib.vcxproj" on node 5 (Rebuild target(s)).
     1>PreBuildEvent:
         if EXIST ..\lib\public\.\mathlib.lib ( for /f "delims=" %%A in ('attrib "..\lib\public\.\mathlib.lib"') do set valveTmpIsReadOnly="%%A"
         ) else ( if not EXIST ..\lib\public\. mkdir ..\lib\public\. )
         set valveTmpIsReadOnlyLetter=%valveTmpIsReadOnly:~6,1%
         if "%valveTmpIsReadOnlyLetter%"=="R" (
             attrib -r ..\lib\public\.\mathlib.lib
             ..\devtools\bin\gnu\touch.exe -d "1999-01-01" ..\lib\public\.\mathlib.lib
             attrib +r ..\lib\public\.\mathlib.lib
         )
         if exist "..\devtools\bin\vpc.exe" "..\devtools\bin\vpc.exe" -crc2 "mathlib.vcxproj"
         if ERRORLEVEL 1 exit /b 1
         
         :VCEnd
       CustomBuild:
         Running VPC CRC Check - mathlib.vpc
       ClCompile:
         C:\Program Files (x86)\Microsoft Visual Studio 12.0\VC\bin\CL.exe /c /I..\common /I..\public /I..\public\tier0 /I..\public\tier1 /I..\public\mathlib /Z7 /nologo /W4 /WX /MP /O2 /Ob2 /Oi /Ot /Oy- /D VPC /D RAD_TELEMETRY_DISABLED /D WIN32 /D _WIN32 /D NDEBUG /D _LIB /D _CRT_SECURE_NO_DEPRECATE /D _CRT_NONSTDC_NO_DEPRECATE /D _ALLOW_RUNTIME_LIBRARY_MISMATCH /D _ALLOW_ITERATOR_DEBUG_LEVEL_MISMATCH /D _ALLOW_MSC_VER_MISMATCH /D _USING_V110_SDK71_ /D _MBCS /D COMPILER_MSVC32 /D COMPILER_MSVC32 /D COMPILER_MSVC /D _DLL_EXT=.dll /D LIBNAME=mathlib /D BINK_VIDEO /D AVI_VIDEO /D WMV_VIDEO /D DEV_BUILD /D FRAME_POINTER_OMISSION_DISABLED /D MATHLIB_LIB /D _EXTERNAL_DLL_EXT=.dll /D VPCGAMECAPS=VALVE /D "PROJECTDIR=C:\Ultimate SSDK v3\testmod\src\mathlib" /D _DLL_EXT=.dll /D SOURCE1=1 /D VPCGAME=valve /GF /Gm- /MT /GS /Gy /arch:SSE /fp:fast /Zc:wchar_t /Zc:forScope /GR /openmp- /Fo".\Release\.\/" /Fd".\Release\.\/vc120.pdb" /Gd /TP /wd4316 /analyze- /FC /errorReport:prompt /d2Zi+ /Gw 3dnow.cpp almostequal.cpp anorms.cpp bumpvects.cpp color_conversion.cpp halton.cpp IceKey.cpp imagequant.cpp lightdesc.cpp mathlib_base.cpp polyhedron.cpp powsse.cpp quantize.cpp randsse.cpp simdvectormatrix.cpp sparse_convolution_noise.cpp spherical.cpp sse.cpp sseconst.cpp ssenoise.cpp vector.cpp vmatrix.cpp
         3dnow.cpp
         almostequal.cpp
         anorms.cpp
         bumpvects.cpp
         color_conversion.cpp
         halton.cpp
         IceKey.cpp
         imagequant.cpp
         lightdesc.cpp
         mathlib_base.cpp
         polyhedron.cpp
         powsse.cpp
         quantize.cpp
         randsse.cpp
         simdvectormatrix.cpp
         sparse_convolution_noise.cpp
         spherical.cpp
         sse.cpp
         sseconst.cpp
         ssenoise.cpp
         vector.cpp
         vmatrix.cpp
       Lib:
         C:\Program Files (x86)\Microsoft Visual Studio 12.0\VC\bin\Lib.exe /OUT:"..\lib\public\.\mathlib.lib" /NOLOGO  /ignore:4221 .\Release\.\/3dnow.obj
         .\Release\.\/almostequal.obj
         .\Release\.\/anorms.obj
         .\Release\.\/bumpvects.obj
         .\Release\.\/color_conversion.obj
         .\Release\.\/halton.obj
         .\Release\.\/IceKey.obj
         .\Release\.\/imagequant.obj
         .\Release\.\/lightdesc.obj
         .\Release\.\/mathlib_base.obj
         .\Release\.\/polyhedron.obj
         .\Release\.\/powsse.obj
         .\Release\.\/quantize.obj
         .\Release\.\/randsse.obj
         .\Release\.\/simdvectormatrix.obj
         .\Release\.\/sparse_convolution_noise.obj
         .\Release\.\/spherical.obj
         .\Release\.\/sse.obj
         .\Release\.\/sseconst.obj
         .\Release\.\/ssenoise.obj
         .\Release\.\/vector.obj
         .\Release\.\/vmatrix.obj
         mathlib.vcxproj -> C:\Ultimate SSDK v3\testmod\project_heat_src\mathlib\..\lib\public\.\mathlib.lib
     1>Done Building Project "C:\Ultimate SSDK v3\testmod\project_heat_src\mathlib\mathlib.vcxproj" (Rebuild target(s)).

Build succeeded.

Time Elapsed 00:00:15.61
