c:\ultimate ssdk v3\testmod\src\materialsystem\stdshaders\debug_dx9_mod_episodic\basevsshader.obj
c:\ultimate ssdk v3\testmod\src\materialsystem\stdshaders\debug_dx9_mod_episodic\memoverride.obj
c:\ultimate ssdk v3\testmod\src\materialsystem\stdshaders\debug_dx9_mod_episodic\example_model_dx9_helper.obj
c:\ultimate ssdk v3\testmod\src\materialsystem\stdshaders\debug_dx9_mod_episodic\bloom.obj
c:\ultimate ssdk v3\testmod\src\materialsystem\stdshaders\debug_dx9_mod_episodic\screenspace_general.obj
c:\ultimate ssdk v3\testmod\src\materialsystem\stdshaders\debug_dx9_mod_episodic\example_model_dx9.obj
c:\ultimate ssdk v3\testmod\src\materialsystem\stdshaders\debug_dx9_mod_episodic\vc120.pdb
c:\ultimate ssdk v3\testmod\src\materialsystem\stdshaders\debug_dx9_mod_episodic\pointeroverride.obj
c:\ultimate ssdk v3\testmod\src\materialsystem\stdshaders\debug_dx9_mod_episodic\game_shader_dx9.ilk
c:\ultimate ssdk v3\testmod\src\materialsystem\stdshaders\debug_dx9_mod_episodic\game_shader_dx9.dll
c:\ultimate ssdk v3\testmod\src\materialsystem\stdshaders\debug_dx9_mod_episodic\game_shader_dx9.pdb
c:\ultimate ssdk v3\testmod\src\materialsystem\stdshaders\debug_dx9_mod_episodic\game_shader_dx9.lib
c:\ultimate ssdk v3\testmod\src\materialsystem\stdshaders\debug_dx9_mod_episodic\game_shader_dx9.exp
c:\ultimate ssdk v3\src\materialsystem\stdshaders\debug_dx9_mod_episodic\basevsshader.obj
c:\ultimate ssdk v3\src\materialsystem\stdshaders\debug_dx9_mod_episodic\bloom.obj
c:\ultimate ssdk v3\src\materialsystem\stdshaders\debug_dx9_mod_episodic\example_model_dx9.obj
c:\ultimate ssdk v3\src\materialsystem\stdshaders\debug_dx9_mod_episodic\example_model_dx9_helper.obj
c:\ultimate ssdk v3\src\materialsystem\stdshaders\debug_dx9_mod_episodic\memoverride.obj
c:\ultimate ssdk v3\src\materialsystem\stdshaders\debug_dx9_mod_episodic\pointeroverride.obj
c:\ultimate ssdk v3\src\materialsystem\stdshaders\debug_dx9_mod_episodic\screenspace_general.obj
c:\ultimate ssdk v3\src\materialsystem\stdshaders\debug_dx9_mod_episodic\game_shader_dx9.ilk
c:\ultimate ssdk v3\src\materialsystem\stdshaders\debug_dx9_mod_episodic\game_shader_dx9.exp
c:\ultimate ssdk v3\src\materialsystem\stdshaders\debug_dx9_mod_episodic\vc120.idb
c:\ultimate ssdk v3\src\materialsystem\stdshaders\debug_dx9_mod_episodic\game_shader_dx9.pdb
c:\ultimate ssdk v3\src\materialsystem\stdshaders\debug_dx9_mod_episodic\vc120.pdb
c:\ultimate ssdk v3\src\materialsystem\stdshaders\debug_dx9_mod_episodic\game_shader_dx9.dll
c:\ultimate ssdk v3\src\materialsystem\stdshaders\debug_dx9_mod_episodic\shaders .73f37a6e.tlog\cl.command.1.tlog
c:\ultimate ssdk v3\src\materialsystem\stdshaders\debug_dx9_mod_episodic\shaders .73f37a6e.tlog\cl.read.1.tlog
c:\ultimate ssdk v3\src\materialsystem\stdshaders\debug_dx9_mod_episodic\shaders .73f37a6e.tlog\cl.write.1.tlog
c:\ultimate ssdk v3\src\materialsystem\stdshaders\debug_dx9_mod_episodic\shaders .73f37a6e.tlog\custombuild.command.1.tlog
c:\ultimate ssdk v3\src\materialsystem\stdshaders\debug_dx9_mod_episodic\shaders .73f37a6e.tlog\custombuild.read.1.tlog
c:\ultimate ssdk v3\src\materialsystem\stdshaders\debug_dx9_mod_episodic\shaders .73f37a6e.tlog\custombuild.write.1.tlog
c:\ultimate ssdk v3\src\materialsystem\stdshaders\debug_dx9_mod_episodic\shaders .73f37a6e.tlog\link.command.1.tlog
c:\ultimate ssdk v3\src\materialsystem\stdshaders\debug_dx9_mod_episodic\shaders .73f37a6e.tlog\link.read.1.tlog
c:\ultimate ssdk v3\src\materialsystem\stdshaders\debug_dx9_mod_episodic\shaders .73f37a6e.tlog\link.write.1.tlog
c:\ultimate ssdk v3\src\materialsystem\stdshaders\debug_dx9_mod_episodic\shaders .73f37a6e.tlog\shaders (episodic).write.1u.tlog
