Build started 24.07.2019 11:07:31.
     1>Project "C:\Ultimate SSDK v3\testmod\src\utils\vrad\vrad_dll.vcxproj" on node 7 (Build target(s)).
     1>PreBuildEvent:
         if EXIST ..\..\..\game\bin\.\vrad_dll.dll for /f "delims=" %%A in ('attrib "..\..\..\game\bin\.\vrad_dll.dll"') do set valveTmpIsReadOnly="%%A"
         set valveTmpIsReadOnlyLetter=%valveTmpIsReadOnly:~6,1%
         if "%valveTmpIsReadOnlyLetter%"=="R" del /q "C:\Ultimate SSDK v3\testmod\src\utils\vrad\Debug\"vrad_dll.dll
         if exist "..\..\devtools\bin\vpc.exe" "..\..\devtools\bin\vpc.exe" -crc2 "vrad_dll.vcxproj"
         if ERRORLEVEL 1 exit /b 1
         
         :VCEnd
       CustomBuild:
         Compiling pointeroverride.asm
          Assembling: C:\Ultimate SSDK v3\testmod\src\public\tier0\pointeroverride.asm
         Microsoft (R) Macro Assembler Version 12.00.30501.0
         Copyright (C) Microsoft Corporation.  All rights reserved.
         
         Running VPC CRC Check - vrad_dll.vpc
         Отказано в доступе.
       ClCompile:
         C:\Program Files (x86)\Microsoft Visual Studio 12.0\VC\bin\CL.exe /c /I..\..\common /I..\..\public /I..\..\public\tier0 /I..\..\public\tier1 /I..\common /I..\vmpi /I..\vmpi\mysql\mysqlpp\include /I..\vmpi\mysql\include /ZI /nologo /W4 /WX /MP /Od /Oy- /D VPC /D RAD_TELEMETRY_DISABLED /D _HAS_ITERATOR_DEBUGGING=0 /D WIN32 /D _WIN32 /D _DEBUG /D DEBUG /D _WINDOWS /D _USRDLL /D _CRT_SECURE_NO_DEPRECATE /D _CRT_NONSTDC_NO_DEPRECATE /D _ALLOW_RUNTIME_LIBRARY_MISMATCH /D _ALLOW_ITERATOR_DEBUG_LEVEL_MISMATCH /D _ALLOW_MSC_VER_MISMATCH /D _USING_V110_SDK71_ /D _WINDLL /D _MBCS /D COMPILER_MSVC32 /D COMPILER_MSVC32 /D COMPILER_MSVC /D _DLL_EXT=.dll /D DLLNAME=vrad_dll /D BINK_VIDEO /D AVI_VIDEO /D WMV_VIDEO /D DEV_BUILD /D FRAME_POINTER_OMISSION_DISABLED /D MPI /D PROTECTED_THINGS_DISABLE /D VRAD /D _EXTERNAL_DLL_EXT=.dll /D VPCGAMECAPS=VALVE /D "PROJECTDIR=C:\Ultimate SSDK v3\testmod\src\utils\vrad" /D _DLL_EXT=.dll /D SOURCE1=1 /D VPCGAME=valve /GF /Gm- /MTd /GS /arch:SSE /fp:fast /Zc:wchar_t /Zc:forScope /GR /Fo".\Debug\.\/" /Fd".\Debug\.\/vc120.pdb" /Gd /TP /wd4316 /analyze- /FC /errorReport:prompt /Zm200 /Gw ..\..\public\BSPTreeData.cpp ..\..\public\disp_common.cpp ..\..\public\disp_powerinfo.cpp disp_vrad.cpp imagepacker.cpp incremental.cpp leaf_ambient_lighting.cpp lightmap.cpp ..\..\public\loadcmdline.cpp ..\..\public\lumpfiles.cpp macro_texture.cpp ..\..\public\tier0\memoverride.cpp ..\common\mpi_stats.cpp mpivrad.cpp ..\common\MySqlDatabase.cpp ..\common\pacifier.cpp ..\common\physdll.cpp radial.cpp SampleHash.cpp trace.cpp ..\common\utilmatlib.cpp vismat.cpp ..\common\vmpi_tools_shared.cpp vrad.cpp VRAD_DispColl.cpp VradDetailProps.cpp VRadDisps.cpp vraddll.cpp VRadStaticProps.cpp ..\..\public\zip_utils.cpp ..\common\bsplib.cpp ..\..\public\builddisp.cpp ..\..\public\ChunkFile.cpp ..\common\cmdlib.cpp ..\..\public\DispColl_Common.cpp ..\common\map_shared.cpp ..\common\polylib.cpp ..\common\scriplib.cpp ..\common\threads.cpp ..\common\tools_minidump.cpp ..\..\public\CollisionUtils.cpp ..\..\public\filesystem_helpers.cpp ..\..\public\ScratchPad3D.cpp ..\..\public\ScratchPadUtils.cpp
         BSPTreeData.cpp
         disp_common.cpp
         disp_powerinfo.cpp
         disp_vrad.cpp
         imagepacker.cpp
         incremental.cpp
         leaf_ambient_lighting.cpp
         lightmap.cpp
         loadcmdline.cpp
         lumpfiles.cpp
         macro_texture.cpp
         memoverride.cpp
         mpi_stats.cpp
         mpivrad.cpp
         MySqlDatabase.cpp
         pacifier.cpp
         physdll.cpp
         radial.cpp
         SampleHash.cpp
         trace.cpp
         utilmatlib.cpp
         vismat.cpp
         vmpi_tools_shared.cpp
         vrad.cpp
         VRAD_DispColl.cpp
         VradDetailProps.cpp
         VRadDisps.cpp
         vraddll.cpp
         VRadStaticProps.cpp
         zip_utils.cpp
         bsplib.cpp
         builddisp.cpp
         ChunkFile.cpp
         cmdlib.cpp
         DispColl_Common.cpp
         map_shared.cpp
         polylib.cpp
         scriplib.cpp
         threads.cpp
         tools_minidump.cpp
         CollisionUtils.cpp
         filesystem_helpers.cpp
         ScratchPad3D.cpp
         ScratchPadUtils.cpp
       Link:
         C:\Program Files (x86)\Microsoft Visual Studio 12.0\VC\bin\link.exe /ERRORREPORT:PROMPT /OUT:".\Debug\.\\vrad_dll.dll" /INCREMENTAL /NOLOGO /LIBPATH:..\..\lib\common\. /LIBPATH:..\..\lib\public\. shell32.lib user32.lib advapi32.lib gdi32.lib comdlg32.lib ole32.lib ws2_32.lib /NODEFAULTLIB:libc /NODEFAULTLIB:libcd /NODEFAULTLIB:libcmt /MANIFEST:NO /DEBUG /PDB:".\Debug\.\/vrad_dll.pdb" /SUBSYSTEM:WINDOWS,"5.01" /TLBID:1 /DYNAMICBASE:NO /NXCOMPAT /IMPLIB:".\Debug\.\vrad_dll.lib" /MACHINE:X86 /SAFESEH:NO  /ignore:4221 /DLL .\Debug\.\\pointeroverride.obj
         .\Debug\.\/BSPTreeData.obj
         .\Debug\.\/disp_common.obj
         .\Debug\.\/disp_powerinfo.obj
         .\Debug\.\/disp_vrad.obj
         .\Debug\.\/imagepacker.obj
         .\Debug\.\/incremental.obj
         .\Debug\.\/leaf_ambient_lighting.obj
         .\Debug\.\/lightmap.obj
         .\Debug\.\/loadcmdline.obj
         .\Debug\.\/lumpfiles.obj
         .\Debug\.\/macro_texture.obj
         .\Debug\.\/memoverride.obj
         .\Debug\.\/mpi_stats.obj
         .\Debug\.\/mpivrad.obj
         .\Debug\.\/MySqlDatabase.obj
         .\Debug\.\/pacifier.obj
         .\Debug\.\/physdll.obj
         .\Debug\.\/radial.obj
         .\Debug\.\/SampleHash.obj
         .\Debug\.\/trace.obj
         .\Debug\.\/utilmatlib.obj
         .\Debug\.\/vismat.obj
         .\Debug\.\/vmpi_tools_shared.obj
         .\Debug\.\/vrad.obj
         .\Debug\.\/VRAD_DispColl.obj
         .\Debug\.\/VradDetailProps.obj
         .\Debug\.\/VRadDisps.obj
         .\Debug\.\/vraddll.obj
         .\Debug\.\/VRadStaticProps.obj
         .\Debug\.\/zip_utils.obj
         .\Debug\.\/bsplib.obj
         .\Debug\.\/builddisp.obj
         .\Debug\.\/ChunkFile.obj
         .\Debug\.\/cmdlib.obj
         .\Debug\.\/DispColl_Common.obj
         .\Debug\.\/map_shared.obj
         .\Debug\.\/polylib.obj
         .\Debug\.\/scriplib.obj
         .\Debug\.\/threads.obj
         .\Debug\.\/tools_minidump.obj
         .\Debug\.\/CollisionUtils.obj
         .\Debug\.\/filesystem_helpers.obj
         .\Debug\.\/ScratchPad3D.obj
         .\Debug\.\/ScratchPadUtils.obj
         ..\..\lib\public\bitmap.lib
         ..\..\lib\public\mathlib.lib
         ..\..\lib\public\raytrace.lib
         ..\..\lib\public\tier0.lib
         ..\..\lib\public\tier1.lib
         ..\..\lib\public\tier2.lib
         ..\..\lib\public\vmpi.lib
         ..\..\lib\public\vstdlib.lib
         ..\..\lib\public\vtf.lib
            Creating library .\Debug\.\vrad_dll.lib and object .\Debug\.\vrad_dll.exp
         vrad_dll.vcxproj -> C:\Ultimate SSDK v3\testmod\src\utils\vrad\.\Debug\.\vrad_dll.dll
       PostBuildEvent:
         if not exist "..\..\..\game\bin\." mkdir "..\..\..\game\bin\."
         copy "C:\Ultimate SSDK v3\testmod\src\utils\vrad\Debug\vrad_dll.dll" "..\..\..\game\bin\.\vrad_dll.dll"
         if ERRORLEVEL 1 goto BuildEventFailed
         if exist "C:\Ultimate SSDK v3\testmod\src\utils\vrad\Debug\vrad_dll.map" copy "C:\Ultimate SSDK v3\testmod\src\utils\vrad\Debug\vrad_dll.map" ..\..\..\game\bin\.\vrad_dll.map
         copy "C:\Ultimate SSDK v3\testmod\src\utils\vrad\Debug\vrad_dll.pdb" ..\..\..\game\bin\.\vrad_dll.pdb
         if ERRORLEVEL 1 goto BuildEventFailed
         goto BuildEventOK
         :BuildEventFailed
         echo *** ERROR! PostBuildStep FAILED for Vrad_dll! EXE or DLL is probably running. ***
         del /q "C:\Ultimate SSDK v3\testmod\src\utils\vrad\Debug\vrad_dll.dll"
         exit 1
         :BuildEventOK
         
         :VCEnd
         Скопировано файлов:         1.
         Скопировано файлов:         1.
     1>Done Building Project "C:\Ultimate SSDK v3\testmod\src\utils\vrad\vrad_dll.vcxproj" (Build target(s)).

Build succeeded.

Time Elapsed 00:03:01.82
